2025-05-03 19:50:16,271 [INFO] Starting environment setup...
2025-05-03 19:50:16,271 [INFO] Virtual environment already exists.
2025-05-03 19:50:16,271 [INFO] Running command in venv: C:\Users\demet\Documents\GitHub\python_split_timer_program\split_timer_python_venv\Scripts\python.exe -m pip show pandas
2025-05-03 19:50:17,188 [INFO] Name: pandas
Version: 2.2.3
Summary: Powerful data structures for data analysis, time series, and statistics
Home-page: https://pandas.pydata.org
Author: 
Author-email: The Pandas Development Team <pandas-dev@python.org>
License: BSD 3-Clause License

Copyright (c) 2008-2011, AQR Capital Management, LLC, Lambda Foundry, Inc. and PyData Development Team
All rights reserved.

Copyright (c) 2011-2023, Open source contributors.

Redistribution and use in source and binary forms, with or without
modification, are permitted provided that the following conditions are met:

* Redistributions of source code must retain the above copyright notice, this
  list of conditions and the following disclaimer.

* Redistributions in binary form must reproduce the above copyright notice,
  this list of conditions and the following disclaimer in the documentation
  and/or other materials provided with the distribution.

* Neither the name of the copyright holder nor the names of its
  contributors may be used to endorse or promote products derived from
  this software without specific prior written permission.

THIS SOFTWARE IS PROVIDED BY THE COPYRIGHT HOLDERS AND CONTRIBUTORS "AS IS"
AND ANY EXPRESS OR IMPLIED WARRANTIES, INCLUDING, BUT NOT LIMITED TO, THE
IMPLIED WARRANTIES OF MERCHANTABILITY AND FITNESS FOR A PARTICULAR PURPOSE ARE
DISCLAIMED. IN NO EVENT SHALL THE COPYRIGHT HOLDER OR CONTRIBUTORS BE LIABLE
FOR ANY DIRECT, INDIRECT, INCIDENTAL, SPECIAL, EXEMPLARY, OR CONSEQUENTIAL
DAMAGES (INCLUDING, BUT NOT LIMITED TO, PROCUREMENT OF SUBSTITUTE GOODS OR
SERVICES; LOSS OF USE, DATA, OR PROFITS; OR BUSINESS INTERRUPTION) HOWEVER
CAUSED AND ON ANY THEORY OF LIABILITY, WHETHER IN CONTRACT, STRICT LIABILITY,
OR TORT (INCLUDING NEGLIGENCE OR OTHERWISE) ARISING IN ANY WAY OUT OF THE USE
OF THIS SOFTWARE, EVEN IF ADVISED OF THE POSSIBILITY OF SUCH DAMAGE.
Location: C:\Users\demet\Documents\GitHub\python_split_timer_program\split_timer_python_venv\Lib\site-packages
Requires: numpy, python-dateutil, pytz, tzdata
Required-by:
2025-05-03 19:50:17,188 [INFO] Running command in venv: C:\Users\demet\Documents\GitHub\python_split_timer_program\split_timer_python_venv\Scripts\python.exe -m pip show openpyxl
2025-05-03 19:50:17,905 [ERROR] WARNING: Package(s) not found: openpyxl
2025-05-03 19:50:17,906 [INFO] Installing missing packages: openpyxl
2025-05-03 19:50:17,906 [INFO] Running command in venv: C:\Users\demet\Documents\GitHub\python_split_timer_program\split_timer_python_venv\Scripts\python.exe -m pip install openpyxl
2025-05-03 19:50:22,225 [INFO] Collecting openpyxl
  Downloading openpyxl-3.1.5-py2.py3-none-any.whl (250 kB)
     -------------------------------------- 250.9/250.9 kB 3.8 MB/s eta 0:00:00
Collecting et-xmlfile
  Downloading et_xmlfile-2.0.0-py3-none-any.whl (18 kB)
Installing collected packages: et-xmlfile, openpyxl
Successfully installed et-xmlfile-2.0.0 openpyxl-3.1.5
2025-05-03 19:50:22,225 [ERROR] [notice] A new release of pip available: 22.3.1 -> 25.1.1
[notice] To update, run: C:\Users\demet\Documents\GitHub\python_split_timer_program\split_timer_python_venv\Scripts\python.exe -m pip install --upgrade pip
2025-05-03 19:50:22,225 [INFO] Running command in venv: C:\Users\demet\Documents\GitHub\python_split_timer_program\split_timer_python_venv\Scripts\python.exe -m pip list --outdated
2025-05-03 19:50:24,177 [INFO] Package    Version Latest Type
---------- ------- ------ -----
pip        22.3.1  25.1.1 wheel
setuptools 65.5.0  80.3.0 wheel
2025-05-03 19:50:24,194 [ERROR] [notice] A new release of pip available: 22.3.1 -> 25.1.1
[notice] To update, run: C:\Users\demet\Documents\GitHub\python_split_timer_program\split_timer_python_venv\Scripts\python.exe -m pip install --upgrade pip
2025-05-03 19:50:24,194 [WARNING] Pip upgrade available: 22.3.1 → 25.1.1
2025-05-03 19:50:28,080 [INFO] Skipped pip upgrade.
2025-05-03 19:50:28,080 [INFO] Environment setup complete.
2025-05-03 19:50:28,080 [INFO] To activate the environment, run:
C:\Users\demet\Documents\GitHub\python_split_timer_program\split_timer_python_venv\Scripts\activate.bat
2025-05-03 19:50:28,080 [INFO] Then you can run your script with:
python your_script.py
